app/build/intermediates/manifest_merge_blame_file/debug/processDebugMainManifest/manifest-merger-blame-debug-report.txt
1<?xml version="1.0" encoding="utf-8"?>
2<manifest xmlns:android="http://schemas.android.com/apk/res/android"
3    package="com.apomaekae.dragon"
4    android:versionCode="1"
5    android:versionName="1.0" >
6
7    <uses-sdk
8        android:minSdkVersion="23"
9        android:targetSdkVersion="35" />
10
11    <uses-permission android:name="android.permission.ACCESS_FINE_LOCATION" />
11-->src/main/AndroidManifest.xml:2:5-78
11-->src/main/AndroidManifest.xml:2:22-76
12    <uses-permission android:name="android.permission.ACCESS_COARSE_LOCATION" />
12-->src/main/AndroidManifest.xml:3:5-80
12-->src/main/AndroidManifest.xml:3:22-78
13    <uses-permission android:name="android.permission.FOREGROUND_SERVICE" />
13-->src/main/AndroidManifest.xml:4:5-76
13-->src/main/AndroidManifest.xml:4:22-74
14    <uses-permission android:name="android.permission.FOREGROUND_SERVICE_LOCATION" />
14-->src/main/AndroidManifest.xml:5:5-85
14-->src/main/AndroidManifest.xml:5:22-83
15    <uses-permission android:name="android.permission.POST_NOTIFICATIONS" />
15-->src/main/AndroidManifest.xml:6:5-76
15-->src/main/AndroidManifest.xml:6:22-74
16    <uses-permission android:name="android.permission.INTERNET" />
16-->src/main/AndroidManifest.xml:8:5-66
16-->src/main/AndroidManifest.xml:8:22-64
17    <uses-permission android:name="android.permission.BIND_NOTIFICATION_LISTENER_SERVICE" />
17-->src/main/AndroidManifest.xml:10:5-92
17-->src/main/AndroidManifest.xml:10:22-90
18
19    <application
19-->src/main/AndroidManifest.xml:12:5-38:19
20        android:allowBackup="false"
20-->src/main/AndroidManifest.xml:15:9-36
21        android:debuggable="true"
22        android:extractNativeLibs="false"
23        android:label="@string/app_name"
23-->src/main/AndroidManifest.xml:14:9-41
24        android:supportsRtl="true"
24-->src/main/AndroidManifest.xml:16:9-35
25        android:theme="@style/AppTheme" >
25-->src/main/AndroidManifest.xml:13:9-40
26        <activity
26-->src/main/AndroidManifest.xml:17:9-22:20
27            android:name="com.apomaekae.dragon.MainActivity"
27-->src/main/AndroidManifest.xml:17:19-47
28            android:exported="true" >
28-->src/main/AndroidManifest.xml:17:48-71
29            <intent-filter>
29-->src/main/AndroidManifest.xml:18:13-21:29
30                <action android:name="android.intent.action.MAIN" />
30-->src/main/AndroidManifest.xml:19:17-68
30-->src/main/AndroidManifest.xml:19:25-66
31
32                <category android:name="android.intent.category.LAUNCHER" />
32-->src/main/AndroidManifest.xml:20:17-76
32-->src/main/AndroidManifest.xml:20:27-74
33            </intent-filter>
34        </activity>
35
36        <service
36-->src/main/AndroidManifest.xml:24:9-27:55
37            android:name="com.apomaekae.dragon.ZoneService"
37-->src/main/AndroidManifest.xml:25:13-40
38            android:exported="false"
38-->src/main/AndroidManifest.xml:26:13-37
39            android:foregroundServiceType="location" />
39-->src/main/AndroidManifest.xml:27:13-53
40        <service
40-->src/main/AndroidManifest.xml:29:9-37:19
41            android:name="com.apomaekae.dragon.LineBkAlertService"
41-->src/main/AndroidManifest.xml:30:13-47
42            android:exported="true"
42-->src/main/AndroidManifest.xml:33:13-36
43            android:label="APO MAEKAE • LINE BK Alerts"
43-->src/main/AndroidManifest.xml:31:13-56
44            android:permission="android.permission.BIND_NOTIFICATION_LISTENER_SERVICE" >
44-->src/main/AndroidManifest.xml:32:13-87
45            <intent-filter>
45-->src/main/AndroidManifest.xml:34:13-36:29
46                <action android:name="android.service.notification.NotificationListenerService" />
46-->src/main/AndroidManifest.xml:35:17-98
46-->src/main/AndroidManifest.xml:35:25-96
47            </intent-filter>
48        </service>
49    </application>
50
51</manifest>